{"uuid":"e8a45f4a-9b74-435b-b683-70fe0105dda8","historyId":"9ccf6ef1f25341b709962f6ab2167419","fullName":"src/test/resources/features/timesheetData.feature:10","labels":[{"name":"tag","value":"login"},{"name":"host","value":"LAPTOP-SPUR032"},{"name":"thread","value":"40508@LAPTOP-SPUR032.main(3)"},{"name":"feature","value":"My Timesheet Management in OrangeHRM"},{"name":"story","value":"TC001 - Login to application"},{"name":"suite","value":"My Timesheet Management in OrangeHRM"},{"name":"testClass","value":"TC001 - Login to application"},{"name":"framework","value":"cucumber4jvm"},{"name":"language","value":"java"},{"name":"gherkin_uri","value":"file:///C:/Users/Santoshi/IdeaProjects/Assignment_One_Playwright_Java/src/test/resources/features/timesheetData.feature"},{"name":"package","value":"src.test.resources.features.timesheetData_feature.My Timesheet Management in OrangeHRM"}],"links":[],"name":"TC001 - Login to application","status":"skipped","statusDetails":{"known":false,"muted":false,"flaky":false,"message":"Error {\n  message='net::ERR_HTTP_RESPONSE_CODE_FAILURE at https://opensource-demo.orangehrmlive.com/web/index.php/auth/login\n  name='Error\n  stack='Error: net::ERR_HTTP_RESPONSE_CODE_FAILURE at https://opensource-demo.orangehrmlive.com/web/index.php/auth/login\n    at FrameSession._navigate (C:\\Users\\Santoshi\\AppData\\Local\\Temp\\playwright-java-11543476599993104453\\package\\lib\\server\\chromium\\crPage.js:508:35)\n    at async Frame._gotoAction (C:\\Users\\Santoshi\\AppData\\Local\\Temp\\playwright-java-11543476599993104453\\package\\lib\\server\\frames.js:534:28)\n}\nCall log:\n- navigating to \"https://opensource-demo.orangehrmlive.com/web/index.php/auth/login\", waiting until \"load\"\n","trace":"com.microsoft.playwright.PlaywrightException: Error {\n  message='net::ERR_HTTP_RESPONSE_CODE_FAILURE at https://opensource-demo.orangehrmlive.com/web/index.php/auth/login\n  name='Error\n  stack='Error: net::ERR_HTTP_RESPONSE_CODE_FAILURE at https://opensource-demo.orangehrmlive.com/web/index.php/auth/login\n    at FrameSession._navigate (C:\\Users\\Santoshi\\AppData\\Local\\Temp\\playwright-java-11543476599993104453\\package\\lib\\server\\chromium\\crPage.js:508:35)\n    at async Frame._gotoAction (C:\\Users\\Santoshi\\AppData\\Local\\Temp\\playwright-java-11543476599993104453\\package\\lib\\server\\frames.js:534:28)\n}\nCall log:\n- navigating to \"https://opensource-demo.orangehrmlive.com/web/index.php/auth/login\", waiting until \"load\"\n\r\n\tat com.microsoft.playwright.impl.WaitableResult.get(WaitableResult.java:54)\r\n\tat com.microsoft.playwright.impl.ChannelOwner.runUntil(ChannelOwner.java:120)\r\n\tat com.microsoft.playwright.impl.Connection.sendMessage(Connection.java:129)\r\n\tat com.microsoft.playwright.impl.ChannelOwner.sendMessage(ChannelOwner.java:106)\r\n\tat com.microsoft.playwright.impl.FrameImpl.navigateImpl(FrameImpl.java:463)\r\n\tat com.microsoft.playwright.impl.PageImpl.lambda$navigate$45(PageImpl.java:836)\r\n\tat com.microsoft.playwright.impl.LoggingSupport.withLogging(LoggingSupport.java:47)\r\n\tat com.microsoft.playwright.impl.ChannelOwner.withLogging(ChannelOwner.java:89)\r\n\tat com.microsoft.playwright.impl.PageImpl.navigate(PageImpl.java:836)\r\n\tat com.microsoft.playwright.impl.PageImpl.navigate(PageImpl.java:42)\r\n\tat com.microsoft.playwright.Page.navigate(Page.java:5305)\r\n\tat step_definition.Hooks.setUp(Hooks.java:36)\r\nCaused by: com.microsoft.playwright.impl.DriverException: Error {\n  message='net::ERR_HTTP_RESPONSE_CODE_FAILURE at https://opensource-demo.orangehrmlive.com/web/index.php/auth/login\n  name='Error\n  stack='Error: net::ERR_HTTP_RESPONSE_CODE_FAILURE at https://opensource-demo.orangehrmlive.com/web/index.php/auth/login\n    at FrameSession._navigate (C:\\Users\\Santoshi\\AppData\\Local\\Temp\\playwright-java-11543476599993104453\\package\\lib\\server\\chromium\\crPage.js:508:35)\n    at async Frame._gotoAction (C:\\Users\\Santoshi\\AppData\\Local\\Temp\\playwright-java-11543476599993104453\\package\\lib\\server\\frames.js:534:28)\n}\nCall log:\n- navigating to \"https://opensource-demo.orangehrmlive.com/web/index.php/auth/login\", waiting until \"load\"\n\r\n\tat com.microsoft.playwright.impl.Connection.dispatch(Connection.java:257)\r\n\tat com.microsoft.playwright.impl.Connection.processOneMessage(Connection.java:209)\r\n\tat com.microsoft.playwright.impl.ChannelOwner.runUntil(ChannelOwner.java:118)\r\n\tat com.microsoft.playwright.impl.Connection.sendMessage(Connection.java:129)\r\n\tat com.microsoft.playwright.impl.ChannelOwner.sendMessage(ChannelOwner.java:106)\r\n\tat com.microsoft.playwright.impl.FrameImpl.navigateImpl(FrameImpl.java:463)\r\n\tat com.microsoft.playwright.impl.PageImpl.lambda$navigate$45(PageImpl.java:836)\r\n\tat com.microsoft.playwright.impl.LoggingSupport.withLogging(LoggingSupport.java:47)\r\n\tat com.microsoft.playwright.impl.ChannelOwner.withLogging(ChannelOwner.java:89)\r\n\tat com.microsoft.playwright.impl.PageImpl.navigate(PageImpl.java:836)\r\n\tat com.microsoft.playwright.impl.PageImpl.navigate(PageImpl.java:42)\r\n\tat com.microsoft.playwright.Page.navigate(Page.java:5305)\r\n\tat step_definition.Hooks.setUp(Hooks.java:36)\r\n\tat java.base/jdk.internal.reflect.DirectMethodHandleAccessor.invoke(DirectMethodHandleAccessor.java:104)\r\n\tat java.base/java.lang.reflect.Method.invoke(Method.java:565)\r\n\tat io.cucumber.java.Invoker.doInvoke(Invoker.java:66)\r\n\tat io.cucumber.java.Invoker.invoke(Invoker.java:24)\r\n\tat io.cucumber.java.AbstractGlueDefinition.invokeMethod(AbstractGlueDefinition.java:47)\r\n\tat io.cucumber.java.JavaHookDefinition.execute(JavaHookDefinition.java:64)\r\n\tat io.cucumber.core.runner.CoreHookDefinition.execute(CoreHookDefinition.java:46)\r\n\tat io.cucumber.core.runner.HookDefinitionMatch.runStep(HookDefinitionMatch.java:21)\r\n\tat io.cucumber.core.runner.ExecutionMode$1.execute(ExecutionMode.java:10)\r\n\tat io.cucumber.core.runner.TestStep.executeStep(TestStep.java:84)\r\n\tat io.cucumber.core.runner.TestStep.run(TestStep.java:56)\r\n\tat io.cucumber.core.runner.TestCase.run(TestCase.java:78)\r\n\tat io.cucumber.core.runner.Runner.runPickle(Runner.java:75)\r\n\tat io.cucumber.testng.TestNGCucumberRunner.lambda$runScenario$1(TestNGCucumberRunner.java:132)\r\n\tat io.cucumber.core.runtime.CucumberExecutionContext.lambda$runTestCase$5(CucumberExecutionContext.java:137)\r\n\tat io.cucumber.core.runtime.RethrowingThrowableCollector.executeAndThrow(RethrowingThrowableCollector.java:23)\r\n\tat io.cucumber.core.runtime.CucumberExecutionContext.runTestCase(CucumberExecutionContext.java:137)\r\n\tat io.cucumber.testng.TestNGCucumberRunner.runScenario(TestNGCucumberRunner.java:129)\r\n\tat io.cucumber.testng.AbstractTestNGCucumberTests.runScenario(AbstractTestNGCucumberTests.java:35)\r\n\tat java.base/jdk.internal.reflect.DirectMethodHandleAccessor.invoke(DirectMethodHandleAccessor.java:104)\r\n\tat java.base/java.lang.reflect.Method.invoke(Method.java:565)\r\n\tat org.testng.internal.invokers.MethodInvocationHelper.invokeMethod(MethodInvocationHelper.java:139)\r\n\tat org.testng.internal.invokers.TestInvoker.invokeMethod(TestInvoker.java:677)\r\n\tat org.testng.internal.invokers.TestInvoker.invokeTestMethod(TestInvoker.java:221)\r\n\tat org.testng.internal.invokers.MethodRunner.runInSequence(MethodRunner.java:50)\r\n\tat org.testng.internal.invokers.TestInvoker$MethodInvocationAgent.invoke(TestInvoker.java:969)\r\n\tat org.testng.internal.invokers.TestInvoker.invokeTestMethods(TestInvoker.java:194)\r\n\tat org.testng.internal.invokers.TestMethodWorker.invokeTestMethods(TestMethodWorker.java:148)\r\n\tat org.testng.internal.invokers.TestMethodWorker.run(TestMethodWorker.java:128)\r\n\tat java.base/java.util.ArrayList.forEach(ArrayList.java:1604)\r\n\tat org.testng.TestRunner.privateRun(TestRunner.java:829)\r\n\tat org.testng.TestRunner.run(TestRunner.java:602)\r\n\tat org.testng.SuiteRunner.runTest(SuiteRunner.java:437)\r\n\tat org.testng.SuiteRunner.runSequentially(SuiteRunner.java:431)\r\n\tat org.testng.SuiteRunner.privateRun(SuiteRunner.java:391)\r\n\tat org.testng.SuiteRunner.run(SuiteRunner.java:330)\r\n\tat org.testng.SuiteRunnerWorker.runSuite(SuiteRunnerWorker.java:52)\r\n\tat org.testng.SuiteRunnerWorker.run(SuiteRunnerWorker.java:95)\r\n\tat org.testng.TestNG.runSuitesSequentially(TestNG.java:1256)\r\n\tat org.testng.TestNG.runSuitesLocally(TestNG.java:1176)\r\n\tat org.testng.TestNG.runSuites(TestNG.java:1099)\r\n\tat org.testng.TestNG.run(TestNG.java:1067)\r\n\tat org.apache.maven.surefire.testng.TestNGExecutor.run(TestNGExecutor.java:155)\r\n\tat org.apache.maven.surefire.testng.TestNGDirectoryTestSuite.executeMulti(TestNGDirectoryTestSuite.java:169)\r\n\tat org.apache.maven.surefire.testng.TestNGDirectoryTestSuite.execute(TestNGDirectoryTestSuite.java:88)\r\n\tat org.apache.maven.surefire.testng.TestNGProvider.invoke(TestNGProvider.java:137)\r\n\tat org.apache.maven.surefire.booter.ForkedBooter.runSuitesInProcess(ForkedBooter.java:385)\r\n\tat org.apache.maven.surefire.booter.ForkedBooter.execute(ForkedBooter.java:162)\r\n\tat org.apache.maven.surefire.booter.ForkedBooter.run(ForkedBooter.java:507)\r\n\tat org.apache.maven.surefire.booter.ForkedBooter.main(ForkedBooter.java:495)\r\n"},"stage":"finished","steps":[{"name":"Given  user is on OrangeHRM login page","status":"skipped","statusDetails":{"known":false,"muted":false,"flaky":false},"stage":"finished","steps":[],"attachments":[],"parameters":[],"start":1770278406651,"stop":1770278406669},{"name":"When  user enter username","status":"skipped","statusDetails":{"known":false,"muted":false,"flaky":false},"stage":"finished","steps":[],"attachments":[],"parameters":[],"start":1770278406673,"stop":1770278406674},{"name":"When  user enter password","status":"skipped","statusDetails":{"known":false,"muted":false,"flaky":false},"stage":"finished","steps":[],"attachments":[],"parameters":[],"start":1770278406675,"stop":1770278406676},{"name":"When  user click on Login button","status":"skipped","statusDetails":{"known":false,"muted":false,"flaky":false},"stage":"finished","steps":[],"attachments":[],"parameters":[],"start":1770278406677,"stop":1770278406678},{"name":"Then  user should be logged in the application successfully","status":"skipped","statusDetails":{"known":false,"muted":false,"flaky":false},"stage":"finished","steps":[],"attachments":[],"parameters":[],"start":1770278406679,"stop":1770278406680},{"name":"Then  user should be logged in the application successfully","status":"skipped","statusDetails":{"known":false,"muted":false,"flaky":false},"stage":"finished","steps":[],"attachments":[],"parameters":[],"start":1770278406682,"stop":1770278406682}],"attachments":[],"parameters":[],"start":1770278385632,"stop":1770278408345}